Using pre-set license
Built from '2020.3/release' branch; Version is '2020.3.15f2 (6cf78cb77498) revision 7141260'; Using compiler version '192528614'; Build Type 'Release'
OS: 'Windows 10 Pro; OS build 19041.1165; Version 2004; 64bit' Language: 'ru' Physical Memory: 8062 MB
BatchMode: 1, IsHumanControllingUs: 0, StartBugReporterOnCrash: 0, Is64bit: 1, IsPro: 0

 COMMAND LINE ARGUMENTS:
C:\Program Files\Unity\Hub\Editor\2020.3.15f2\Editor\Unity.exe
-adb2
-batchMode
-noUpm
-name
AssetImportWorker0
-projectPath
C:/Users/USER/Desktop/Бот/Snake
-logFile
Logs/AssetImportWorker0.log
-srvPort
65289
Successfully changed project path to: C:/Users/USER/Desktop/Бот/Snake
C:/Users/USER/Desktop/Бот/Snake
Using Asset Import Pipeline V2.
Cannot set VR devices because the platform passed isn't supported by Unity.

Cannot set VR devices because the platform passed isn't supported by Unity.

Cannot set VR devices because the platform passed isn't supported by Unity.

Cannot set VR devices because the platform passed isn't supported by Unity.

Cannot set VR devices because the platform passed isn't supported by Unity.

Cannot set VR devices because the platform passed isn't supported by Unity.

Cannot set VR devices because the platform passed isn't supported by Unity.

Cannot set VR devices because the platform passed isn't supported by Unity.

Cannot set VR devices because the platform passed isn't supported by Unity.

Cannot set VR devices because the platform passed isn't supported by Unity.

Cannot set VR devices because the platform passed isn't supported by Unity.

Refreshing native plugins compatible for Editor in 31.10 ms, found 2 plugins.
Preloading 0 native plugins for Editor in 0.00 ms.
Initialize engine version: 2020.3.15f2 (6cf78cb77498)
[Subsystems] Discovering subsystems at path C:/Program Files/Unity/Hub/Editor/2020.3.15f2/Editor/Data/Resources/UnitySubsystems
[Subsystems] Discovering subsystems at path C:/Users/USER/Desktop/Бот/Snake/Assets
GfxDevice: creating device client; threaded=0
Direct3D:
    Version:  Direct3D 11.0 [level 11.1]
    Renderer: Intel(R) UHD Graphics 620 (ID=0x3ea0)
    Vendor:   
    VRAM:     4031 MB
    Driver:   27.20.100.9664
Initialize mono
Mono path[0] = 'C:/Program Files/Unity/Hub/Editor/2020.3.15f2/Editor/Data/Managed'
Mono path[1] = 'C:/Program Files/Unity/Hub/Editor/2020.3.15f2/Editor/Data/MonoBleedingEdge/lib/mono/unityjit'
Mono config path = 'C:/Program Files/Unity/Hub/Editor/2020.3.15f2/Editor/Data/MonoBleedingEdge/etc'
Using monoOptions --debugger-agent=transport=dt_socket,embedding=1,server=y,suspend=n,address=127.0.0.1:56508
Begin MonoManager ReloadAssembly
Registering precompiled unity dll's ...
Register platform support module: C:/Program Files/Unity/Hub/Editor/2020.3.15f2/Editor/Data/PlaybackEngines/WebGLSupport/UnityEditor.WebGL.Extensions.dll
Register platform support module: C:/Program Files/Unity/Hub/Editor/2020.3.15f2/Editor/Data/PlaybackEngines/WindowsStandaloneSupport/UnityEditor.WindowsStandalone.Extensions.dll
Registered in 0.003787 seconds.
Native extension for WindowsStandalone target not found
Native extension for WebGL target not found
Refreshing native plugins compatible for Editor in 65.99 ms, found 2 plugins.
Preloading 0 native plugins for Editor in 0.00 ms.
Mono: successfully reloaded assembly
- Completed reload, in  2.233 seconds
Domain Reload Profiling:
	ReloadAssembly (2234ms)
		BeginReloadAssembly (84ms)
			ExecutionOrderSort (0ms)
			DisableScriptedObjects (0ms)
			BackupInstance (0ms)
			ReleaseScriptingObjects (0ms)
			CreateAndSetChildDomain (1ms)
		EndReloadAssembly (852ms)
			LoadAssemblies (80ms)
			RebuildTransferFunctionScriptingTraits (0ms)
			SetupTypeCache (265ms)
			ReleaseScriptCaches (0ms)
			RebuildScriptCaches (87ms)
			SetupLoadedEditorAssemblies (284ms)
				LogAssemblyErrors (0ms)
				InitializePlatformSupportModulesInManaged (18ms)
				SetLoadedEditorAssemblies (1ms)
				RefreshPlugins (67ms)
				BeforeProcessingInitializeOnLoad (13ms)
				ProcessInitializeOnLoadAttributes (147ms)
				ProcessInitializeOnLoadMethodAttributes (39ms)
				AfterProcessingInitializeOnLoad (0ms)
				EditorAssembliesLoaded (1ms)
			ExecutionOrderSort2 (0ms)
			AwakeInstancesAfterBackupRestoration (0ms)
Platform modules already initialized, skipping
Registering precompiled user dll's ...
Registered in 0.005738 seconds.
Begin MonoManager ReloadAssembly
Native extension for WindowsStandalone target not found
Native extension for WebGL target not found
Refreshing native plugins compatible for Editor in 0.36 ms, found 2 plugins.
Preloading 0 native plugins for Editor in 0.00 ms.
Mono: successfully reloaded assembly
- Completed reload, in  1.943 seconds
Domain Reload Profiling:
	ReloadAssembly (1949ms)
		BeginReloadAssembly (298ms)
			ExecutionOrderSort (0ms)
			DisableScriptedObjects (8ms)
			BackupInstance (0ms)
			ReleaseScriptingObjects (0ms)
			CreateAndSetChildDomain (31ms)
		EndReloadAssembly (1548ms)
			LoadAssemblies (193ms)
			RebuildTransferFunctionScriptingTraits (0ms)
			SetupTypeCache (470ms)
			ReleaseScriptCaches (0ms)
			RebuildScriptCaches (85ms)
			SetupLoadedEditorAssemblies (641ms)
				LogAssemblyErrors (0ms)
				InitializePlatformSupportModulesInManaged (9ms)
				SetLoadedEditorAssemblies (1ms)
				RefreshPlugins (1ms)
				BeforeProcessingInitializeOnLoad (70ms)
				ProcessInitializeOnLoadAttributes (542ms)
				ProcessInitializeOnLoadMethodAttributes (5ms)
				AfterProcessingInitializeOnLoad (13ms)
				EditorAssembliesLoaded (0ms)
			ExecutionOrderSort2 (0ms)
			AwakeInstancesAfterBackupRestoration (15ms)
Platform modules already initialized, skipping
========================================================================
Worker process is ready to serve import requests
Cannot set VR devices because the platform passed isn't supported by Unity.

Cannot set VR devices because the platform passed isn't supported by Unity.

Cannot set VR devices because the platform passed isn't supported by Unity.

Cannot set VR devices because the platform passed isn't supported by Unity.

Cannot set VR devices because the platform passed isn't supported by Unity.

Cannot set VR devices because the platform passed isn't supported by Unity.

Cannot set VR devices because the platform passed isn't supported by Unity.

Cannot set VR devices because the platform passed isn't supported by Unity.

Cannot set VR devices because the platform passed isn't supported by Unity.

Cannot set VR devices because the platform passed isn't supported by Unity.

Cannot set VR devices because the platform passed isn't supported by Unity.

Launched and connected shader compiler UnityShaderCompiler.exe after 0.08 seconds
Refreshing native plugins compatible for Editor in 0.35 ms, found 2 plugins.
Preloading 0 native plugins for Editor in 0.00 ms.
Unloading 1403 Unused Serialized files (Serialized files now loaded: 0)
System memory in use before: 65.5 MB.
System memory in use after: 65.5 MB.

Unloading 18 unused Assets to reduce memory usage. Loaded Objects now: 1839.
Total: 4.985900 ms (FindLiveObjects: 0.350400 ms CreateObjectMapping: 0.079700 ms MarkObjects: 4.397300 ms  DeleteObjects: 0.156300 ms)

AssetImportParameters requested are different than current active one (requested -> active):
  custom:framework-win-MediaFoundation: 216162199b28c13a410421893ffa2e32 -> 
  custom:video-decoder-ogg-theora: a1e56fd34408186e4bbccfd4996cb3dc -> 
  custom:container-muxer-webm: aa71ff27fc2769a1b78a27578f13a17b -> 
  custom:container-demuxer-webm: 4f35f7cbe854078d1ac9338744f61a02 -> 
  custom:container-demuxer-ogg: 62fdf1f143b41e24485cea50d1cbac27 -> 
  custom:video-encoder-webm-vp8: eb34c28f22e8b96e1ab97ce403110664 -> 
  custom:video-decoder-webm-vp8: 9c59270c3fd7afecdb556c50c9e8de78 -> 
  custom:audio-decoder-ogg-vorbis: bf7c407c2cedff20999df2af8eb42d56 -> 
  custom:audio-encoder-webm-vorbis: bf7c407c2cedff20999df2af8eb42d56 -> 
========================================================================
Received Import Request.
  path: Assets/Material/Snake3.mat
  artifactKey: Guid(2c81160f647b5bf4d9796c960fbec12c) Importer(815301076,1909f56bfc062723c751e8b465ee728b)
Start importing Assets/Material/Snake3.mat using Guid(2c81160f647b5bf4d9796c960fbec12c) Importer(815301076,1909f56bfc062723c751e8b465ee728b)  -> (artifact id: '445c8cd9c8e8fe127d29aaee8c07fddc') in 0.339696 seconds 
  Import took 0.347462 seconds .

========================================================================
Received Import Request.
  Time since last request: 218.815577 seconds.
  path: Assets/Scripts/SnakeMovment.cs
  artifactKey: Guid(c19e5acfa34e38d49a435356ce83a8de) Importer(815301076,1909f56bfc062723c751e8b465ee728b)
Start importing Assets/Scripts/SnakeMovment.cs using Guid(c19e5acfa34e38d49a435356ce83a8de) Importer(815301076,1909f56bfc062723c751e8b465ee728b)  -> (artifact id: '29dade73837dbf5acd95904a1624e629') in 0.009182 seconds 
  Import took 0.017861 seconds .

========================================================================
Received Prepare
Cannot set VR devices because the platform passed isn't supported by Unity.

Cannot set VR devices because the platform passed isn't supported by Unity.

Cannot set VR devices because the platform passed isn't supported by Unity.

Cannot set VR devices because the platform passed isn't supported by Unity.

Cannot set VR devices because the platform passed isn't supported by Unity.

Cannot set VR devices because the platform passed isn't supported by Unity.

Cannot set VR devices because the platform passed isn't supported by Unity.

Cannot set VR devices because the platform passed isn't supported by Unity.

Cannot set VR devices because the platform passed isn't supported by Unity.

Cannot set VR devices because the platform passed isn't supported by Unity.

Cannot set VR devices because the platform passed isn't supported by Unity.

Registering precompiled user dll's ...
Registered in 0.007180 seconds.
Begin MonoManager ReloadAssembly
Native extension for WindowsStandalone target not found
Native extension for WebGL target not found
Refreshing native plugins compatible for Editor in 0.34 ms, found 2 plugins.
Preloading 0 native plugins for Editor in 0.00 ms.
Mono: successfully reloaded assembly
- Completed reload, in  1.740 seconds
Domain Reload Profiling:
	ReloadAssembly (1741ms)
		BeginReloadAssembly (254ms)
			ExecutionOrderSort (0ms)
			DisableScriptedObjects (7ms)
			BackupInstance (0ms)
			ReleaseScriptingObjects (0ms)
			CreateAndSetChildDomain (74ms)
		EndReloadAssembly (1338ms)
			LoadAssemblies (215ms)
			RebuildTransferFunctionScriptingTraits (0ms)
			SetupTypeCache (389ms)
			ReleaseScriptCaches (1ms)
			RebuildScriptCaches (59ms)
			SetupLoadedEditorAssemblies (594ms)
				LogAssemblyErrors (0ms)
				InitializePlatformSupportModulesInManaged (15ms)
				SetLoadedEditorAssemblies (1ms)
				RefreshPlugins (1ms)
				BeforeProcessingInitializeOnLoad (68ms)
				ProcessInitializeOnLoadAttributes (494ms)
				ProcessInitializeOnLoadMethodAttributes (5ms)
				AfterProcessingInitializeOnLoad (10ms)
				EditorAssembliesLoaded (0ms)
			ExecutionOrderSort2 (0ms)
			AwakeInstancesAfterBackupRestoration (8ms)
Platform modules already initialized, skipping
Refreshing native plugins compatible for Editor in 0.49 ms, found 2 plugins.
Preloading 0 native plugins for Editor in 0.00 ms.
Unloading 1397 Unused Serialized files (Serialized files now loaded: 0)
System memory in use before: 68.5 MB.
System memory in use after: 68.6 MB.

Unloading 13 unused Assets to reduce memory usage. Loaded Objects now: 1882.
Total: 3.815000 ms (FindLiveObjects: 0.234400 ms CreateObjectMapping: 0.073700 ms MarkObjects: 3.468200 ms  DeleteObjects: 0.036000 ms)

AssetImportParameters requested are different than current active one (requested -> active):
  custom:framework-win-MediaFoundation: 216162199b28c13a410421893ffa2e32 -> 
  custom:video-decoder-ogg-theora: a1e56fd34408186e4bbccfd4996cb3dc -> 
  custom:container-muxer-webm: aa71ff27fc2769a1b78a27578f13a17b -> 
  custom:container-demuxer-webm: 4f35f7cbe854078d1ac9338744f61a02 -> 
  custom:container-demuxer-ogg: 62fdf1f143b41e24485cea50d1cbac27 -> 
  custom:video-encoder-webm-vp8: eb34c28f22e8b96e1ab97ce403110664 -> 
  custom:video-decoder-webm-vp8: 9c59270c3fd7afecdb556c50c9e8de78 -> 
  custom:audio-decoder-ogg-vorbis: bf7c407c2cedff20999df2af8eb42d56 -> 
  custom:audio-encoder-webm-vorbis: bf7c407c2cedff20999df2af8eb42d56 -> 
========================================================================
Received Import Request.
  Time since last request: 78.067434 seconds.
  path: Assets/Scripts/SnakeMovment.cs
  artifactKey: Guid(c19e5acfa34e38d49a435356ce83a8de) Importer(815301076,1909f56bfc062723c751e8b465ee728b)
Start importing Assets/Scripts/SnakeMovment.cs using Guid(c19e5acfa34e38d49a435356ce83a8de) Importer(815301076,1909f56bfc062723c751e8b465ee728b)  -> (artifact id: '88b7246ce6b89c813b500692837bebd0') in 0.007984 seconds 
  Import took 0.016378 seconds .

========================================================================
Received Import Request.
  Time since last request: 9.179258 seconds.
  path: Assets/Prefabs/SnakeMain.prefab
  artifactKey: Guid(9890f514d07427b4ca931d7dafa72a1d) Importer(815301076,1909f56bfc062723c751e8b465ee728b)
Start importing Assets/Prefabs/SnakeMain.prefab using Guid(9890f514d07427b4ca931d7dafa72a1d) Importer(815301076,1909f56bfc062723c751e8b465ee728b)  -> (artifact id: '6107d42656e4615743b7942318fe0259') in 0.101931 seconds 
  Import took 0.109698 seconds .

========================================================================
Received Import Request.
  Time since last request: 3.610557 seconds.
  path: Assets/Prefabs/Sphere.prefab
  artifactKey: Guid(30d39cd86ee81a84db7b2336ccf79f8d) Importer(815301076,1909f56bfc062723c751e8b465ee728b)
Start importing Assets/Prefabs/Sphere.prefab using Guid(30d39cd86ee81a84db7b2336ccf79f8d) Importer(815301076,1909f56bfc062723c751e8b465ee728b)  -> (artifact id: '9f801d86ba06e9583ec55676d57636d7') in 0.035210 seconds 
  Import took 0.044284 seconds .

========================================================================
Received Import Request.
  Time since last request: 0.002046 seconds.
  path: Assets/Prefabs/Sphere.prefab
  artifactKey: Guid(30d39cd86ee81a84db7b2336ccf79f8d) Importer(815301076,1909f56bfc062723c751e8b465ee728b)
Start importing Assets/Prefabs/Sphere.prefab using Guid(30d39cd86ee81a84db7b2336ccf79f8d) Importer(815301076,1909f56bfc062723c751e8b465ee728b)  -> (artifact id: '9f801d86ba06e9583ec55676d57636d7') in 0.019341 seconds 
  Import took 0.029842 seconds .

========================================================================
Received Import Request.
  Time since last request: 17.780268 seconds.
  path: Assets/Prefabs/SnakePlus2.prefab
  artifactKey: Guid(30d39cd86ee81a84db7b2336ccf79f8d) Importer(815301076,1909f56bfc062723c751e8b465ee728b)
Start importing Assets/Prefabs/SnakePlus2.prefab using Guid(30d39cd86ee81a84db7b2336ccf79f8d) Importer(815301076,1909f56bfc062723c751e8b465ee728b)  -> (artifact id: '293582b349bc91183b59be63647827dc') in 0.042254 seconds 
  Import took 0.050520 seconds .

========================================================================
Received Import Request.
  Time since last request: 229.101958 seconds.
  path: Assets/Textures/0f1793ec592725d87567ed8a06a1d184.jpg
  artifactKey: Guid(18e7445b8108afd4b8fccb0a0297e79f) Importer(815301076,1909f56bfc062723c751e8b465ee728b)
Start importing Assets/Textures/0f1793ec592725d87567ed8a06a1d184.jpg using Guid(18e7445b8108afd4b8fccb0a0297e79f) Importer(815301076,1909f56bfc062723c751e8b465ee728b)  -> (artifact id: '98077b42e3f2529eedbd922e265d8d84') in 0.053502 seconds 
  Import took 0.061947 seconds .

========================================================================
Received Import Request.
  Time since last request: 0.000887 seconds.
  path: Assets/Textures/d6c5ad469011e4b1ea38e0af687a53f2.jpg
  artifactKey: Guid(0a5c259257bffb748862058786c878d8) Importer(815301076,1909f56bfc062723c751e8b465ee728b)
Start importing Assets/Textures/d6c5ad469011e4b1ea38e0af687a53f2.jpg using Guid(0a5c259257bffb748862058786c878d8) Importer(815301076,1909f56bfc062723c751e8b465ee728b)  -> (artifact id: 'b0f44fea3a390cf16aaaefd836d25864') in 0.019076 seconds 
  Import took 0.028670 seconds .

========================================================================
Received Import Request.
  Time since last request: 0.001435 seconds.
  path: Assets/Textures/82c0f468c885d2eb037401b269d89b1e.jpg
  artifactKey: Guid(6a466ec311e7b9b479e8c04d60e4afac) Importer(815301076,1909f56bfc062723c751e8b465ee728b)
Start importing Assets/Textures/82c0f468c885d2eb037401b269d89b1e.jpg using Guid(6a466ec311e7b9b479e8c04d60e4afac) Importer(815301076,1909f56bfc062723c751e8b465ee728b)  -> (artifact id: '0cf0c2f6a8104b59541a5e3504bcfc30') in 0.042203 seconds 
  Import took 0.056723 seconds .

========================================================================
Received Import Request.
  Time since last request: 0.001436 seconds.
  path: Assets/Textures/grass.jpg
  artifactKey: Guid(ea65060da6c15e845b99ebc5ca38edf5) Importer(815301076,1909f56bfc062723c751e8b465ee728b)
Start importing Assets/Textures/grass.jpg using Guid(ea65060da6c15e845b99ebc5ca38edf5) Importer(815301076,1909f56bfc062723c751e8b465ee728b)  -> (artifact id: '4d220c2db2b5d7b46e898d7391ac6267') in 0.027937 seconds 
  Import took 0.040766 seconds .

========================================================================
Received Import Request.
  Time since last request: 0.000737 seconds.
  path: Assets/Textures/2201661.jpg
  artifactKey: Guid(1524d0fd5c3b40a459849d4bec469dcc) Importer(815301076,1909f56bfc062723c751e8b465ee728b)
Start importing Assets/Textures/2201661.jpg using Guid(1524d0fd5c3b40a459849d4bec469dcc) Importer(815301076,1909f56bfc062723c751e8b465ee728b)  -> (artifact id: '93e040d0cd368dc9c0d8854d884efea2') in 0.024949 seconds 
  Import took 0.034323 seconds .

========================================================================
Received Import Request.
  Time since last request: 0.000854 seconds.
  path: Assets/Textures/638888efd9fb8eecea20e4a92681120b.jpg
  artifactKey: Guid(d703cc3a8a100b746a313ae928402395) Importer(815301076,1909f56bfc062723c751e8b465ee728b)
Start importing Assets/Textures/638888efd9fb8eecea20e4a92681120b.jpg using Guid(d703cc3a8a100b746a313ae928402395) Importer(815301076,1909f56bfc062723c751e8b465ee728b)  -> (artifact id: '26f15ffa0ec5a01659ffd607ba0b2d16') in 0.034388 seconds 
  Import took 0.044123 seconds .

========================================================================
Received Prepare
Cannot set VR devices because the platform passed isn't supported by Unity.

Cannot set VR devices because the platform passed isn't supported by Unity.

Cannot set VR devices because the platform passed isn't supported by Unity.

Cannot set VR devices because the platform passed isn't supported by Unity.

Cannot set VR devices because the platform passed isn't supported by Unity.

Cannot set VR devices because the platform passed isn't supported by Unity.

Cannot set VR devices because the platform passed isn't supported by Unity.

Cannot set VR devices because the platform passed isn't supported by Unity.

Cannot set VR devices because the platform passed isn't supported by Unity.

Cannot set VR devices because the platform passed isn't supported by Unity.

Cannot set VR devices because the platform passed isn't supported by Unity.

Registering precompiled user dll's ...
Registered in 0.009495 seconds.
Begin MonoManager ReloadAssembly
Native extension for WindowsStandalone target not found
Native extension for WebGL target not found
Refreshing native plugins compatible for Editor in 0.59 ms, found 2 plugins.
Preloading 0 native plugins for Editor in 0.00 ms.
Mono: successfully reloaded assembly
- Completed reload, in  1.797 seconds
Domain Reload Profiling:
	ReloadAssembly (1798ms)
		BeginReloadAssembly (225ms)
			ExecutionOrderSort (0ms)
			DisableScriptedObjects (13ms)
			BackupInstance (0ms)
			ReleaseScriptingObjects (0ms)
			CreateAndSetChildDomain (66ms)
		EndReloadAssembly (1406ms)
			LoadAssemblies (250ms)
			RebuildTransferFunctionScriptingTraits (0ms)
			SetupTypeCache (455ms)
			ReleaseScriptCaches (1ms)
			RebuildScriptCaches (55ms)
			SetupLoadedEditorAssemblies (528ms)
				LogAssemblyErrors (0ms)
				InitializePlatformSupportModulesInManaged (16ms)
				SetLoadedEditorAssemblies (1ms)
				RefreshPlugins (1ms)
				BeforeProcessingInitializeOnLoad (84ms)
				ProcessInitializeOnLoadAttributes (412ms)
				ProcessInitializeOnLoadMethodAttributes (4ms)
				AfterProcessingInitializeOnLoad (9ms)
				EditorAssembliesLoaded (0ms)
			ExecutionOrderSort2 (0ms)
			AwakeInstancesAfterBackupRestoration (7ms)
Platform modules already initialized, skipping
Refreshing native plugins compatible for Editor in 0.36 ms, found 2 plugins.
Preloading 0 native plugins for Editor in 0.00 ms.
Unloading 1397 Unused Serialized files (Serialized files now loaded: 0)
System memory in use before: 68.6 MB.
System memory in use after: 68.7 MB.

Unloading 13 unused Assets to reduce memory usage. Loaded Objects now: 1888.
Total: 3.375900 ms (FindLiveObjects: 0.324000 ms CreateObjectMapping: 0.074200 ms MarkObjects: 2.910200 ms  DeleteObjects: 0.066200 ms)

AssetImportParameters requested are different than current active one (requested -> active):
  custom:framework-win-MediaFoundation: 216162199b28c13a410421893ffa2e32 -> 
  custom:video-decoder-ogg-theora: a1e56fd34408186e4bbccfd4996cb3dc -> 
  custom:container-muxer-webm: aa71ff27fc2769a1b78a27578f13a17b -> 
  custom:container-demuxer-webm: 4f35f7cbe854078d1ac9338744f61a02 -> 
  custom:container-demuxer-ogg: 62fdf1f143b41e24485cea50d1cbac27 -> 
  custom:video-encoder-webm-vp8: eb34c28f22e8b96e1ab97ce403110664 -> 
  custom:video-decoder-webm-vp8: 9c59270c3fd7afecdb556c50c9e8de78 -> 
  custom:audio-decoder-ogg-vorbis: bf7c407c2cedff20999df2af8eb42d56 -> 
  custom:audio-encoder-webm-vorbis: bf7c407c2cedff20999df2af8eb42d56 -> 
========================================================================
Received Import Request.
  Time since last request: 117.624686 seconds.
  path: Assets/Textures/1612693252_43-p-zelenii-fon-trava-listya-73.jpg
  artifactKey: Guid(110d3cb9f9ba533419338558f23bca53) Importer(815301076,1909f56bfc062723c751e8b465ee728b)
Start importing Assets/Textures/1612693252_43-p-zelenii-fon-trava-listya-73.jpg using Guid(110d3cb9f9ba533419338558f23bca53) Importer(815301076,1909f56bfc062723c751e8b465ee728b)  -> (artifact id: 'a269647375775e702a86bd6c8472a126') in 0.073414 seconds 
  Import took 0.083034 seconds .

========================================================================
Received Import Request.
  Time since last request: 112.474397 seconds.
  path: Assets/Textures/grass-2523492_1280.jpg
  artifactKey: Guid(9eab35f5452e95f44af1a0cd32497928) Importer(815301076,1909f56bfc062723c751e8b465ee728b)
Start importing Assets/Textures/grass-2523492_1280.jpg using Guid(9eab35f5452e95f44af1a0cd32497928) Importer(815301076,1909f56bfc062723c751e8b465ee728b)  -> (artifact id: '88941e1f486999cee6386c7743643c15') in 0.040642 seconds 
  Import took 0.048230 seconds .

========================================================================
Received Import Request.
  Time since last request: 71.325180 seconds.
  path: Assets/Textures/65524095_w640_h640_kirpich-ruchnoj-formovki.jpg
  artifactKey: Guid(d6bde7098b20ef24fb21deaef32cc614) Importer(815301076,1909f56bfc062723c751e8b465ee728b)
Start importing Assets/Textures/65524095_w640_h640_kirpich-ruchnoj-formovki.jpg using Guid(d6bde7098b20ef24fb21deaef32cc614) Importer(815301076,1909f56bfc062723c751e8b465ee728b)  -> (artifact id: '28e7fb4592a105feb0e8bbe191d33d52') in 0.040296 seconds 
  Import took 0.048932 seconds .

========================================================================
Received Prepare
Cannot set VR devices because the platform passed isn't supported by Unity.

Cannot set VR devices because the platform passed isn't supported by Unity.

Cannot set VR devices because the platform passed isn't supported by Unity.

Cannot set VR devices because the platform passed isn't supported by Unity.

Cannot set VR devices because the platform passed isn't supported by Unity.

Cannot set VR devices because the platform passed isn't supported by Unity.

Cannot set VR devices because the platform passed isn't supported by Unity.

Cannot set VR devices because the platform passed isn't supported by Unity.

Cannot set VR devices because the platform passed isn't supported by Unity.

Cannot set VR devices because the platform passed isn't supported by Unity.

Cannot set VR devices because the platform passed isn't supported by Unity.

Registering precompiled user dll's ...
Registered in 0.030302 seconds.
Begin MonoManager ReloadAssembly
Native extension for WindowsStandalone target not found
Native extension for WebGL target not found
Refreshing native plugins compatible for Editor in 0.47 ms, found 2 plugins.
Preloading 0 native plugins for Editor in 0.00 ms.
Mono: successfully reloaded assembly
- Completed reload, in  2.658 seconds
Domain Reload Profiling:
	ReloadAssembly (2659ms)
		BeginReloadAssembly (300ms)
			ExecutionOrderSort (0ms)
			DisableScriptedObjects (10ms)
			BackupInstance (0ms)
			ReleaseScriptingObjects (0ms)
			CreateAndSetChildDomain (108ms)
		EndReloadAssembly (2253ms)
			LoadAssemblies (194ms)
			RebuildTransferFunctionScriptingTraits (0ms)
			SetupTypeCache (859ms)
			ReleaseScriptCaches (1ms)
			RebuildScriptCaches (103ms)
			SetupLoadedEditorAssemblies (916ms)
				LogAssemblyErrors (0ms)
				InitializePlatformSupportModulesInManaged (18ms)
				SetLoadedEditorAssemblies (1ms)
				RefreshPlugins (1ms)
				BeforeProcessingInitializeOnLoad (116ms)
				ProcessInitializeOnLoadAttributes (757ms)
				ProcessInitializeOnLoadMethodAttributes (8ms)
				AfterProcessingInitializeOnLoad (14ms)
				EditorAssembliesLoaded (0ms)
			ExecutionOrderSort2 (0ms)
			AwakeInstancesAfterBackupRestoration (13ms)
Platform modules already initialized, skipping
Refreshing native plugins compatible for Editor in 0.37 ms, found 2 plugins.
Preloading 0 native plugins for Editor in 0.00 ms.
Unloading 1397 Unused Serialized files (Serialized files now loaded: 0)
System memory in use before: 68.6 MB.
System memory in use after: 68.7 MB.

Unloading 13 unused Assets to reduce memory usage. Loaded Objects now: 1891.
Total: 3.361700 ms (FindLiveObjects: 0.201700 ms CreateObjectMapping: 0.048400 ms MarkObjects: 3.038700 ms  DeleteObjects: 0.071600 ms)

AssetImportParameters requested are different than current active one (requested -> active):
  custom:framework-win-MediaFoundation: 216162199b28c13a410421893ffa2e32 -> 
  custom:video-decoder-ogg-theora: a1e56fd34408186e4bbccfd4996cb3dc -> 
  custom:container-muxer-webm: aa71ff27fc2769a1b78a27578f13a17b -> 
  custom:container-demuxer-webm: 4f35f7cbe854078d1ac9338744f61a02 -> 
  custom:container-demuxer-ogg: 62fdf1f143b41e24485cea50d1cbac27 -> 
  custom:video-encoder-webm-vp8: eb34c28f22e8b96e1ab97ce403110664 -> 
  custom:video-decoder-webm-vp8: 9c59270c3fd7afecdb556c50c9e8de78 -> 
  custom:audio-decoder-ogg-vorbis: bf7c407c2cedff20999df2af8eb42d56 -> 
  custom:audio-encoder-webm-vorbis: bf7c407c2cedff20999df2af8eb42d56 -> 
AssetImportWorkerClient::OnTransportError - code=2 error=End of file
